<?xml version="1.0" encoding="UTF-8"?>
<!-- Generated by org.testng.reporters.JUnitXMLReporter -->
<testsuite ignored="2" hostname="LAPTOP-K08E2NCU" failures="0" tests="1" name="Surefire test" time="0.149" errors="0" timestamp="2025-05-19T14:40:04 IST">
  <testcase classname="Testjava" name="getJsonData" time="0.126"/>
  <testcase classname="Testjava" name="postUsingRawJsonString" time="0.0">
    <ignored/>
  </testcase> <!-- postUsingRawJsonString -->
  <testcase classname="Testjava" name="test" time="0.0">
    <ignored/>
  </testcase> <!-- test -->
</testsuite> <!-- Surefire test -->
