<?xml version="1.0" encoding="UTF-8"?>
<testng-results ignored="0" total="1" passed="1" failed="0" skipped="0">
  <reporter-output>
  </reporter-output>
  <suite started-at="2025-05-20T00:11:21 IST" name="Surefire suite" finished-at="2025-05-20T00:11:21 IST" duration-ms="25">
    <groups>
    </groups>
    <test started-at="2025-05-20T00:11:21 IST" name="Surefire test" finished-at="2025-05-20T00:11:21 IST" duration-ms="25">
      <class name="WordRepeat">
        <test-method signature="wordCount()[pri:0, instance:WordRepeat@55a561cf]" started-at="2025-05-20T00:11:21 IST" name="wordCount" finished-at="2025-05-20T00:11:21 IST" duration-ms="3" status="PASS">
          <reporter-output>
          </reporter-output>
        </test-method> <!-- wordCount -->
      </class> <!-- WordRepeat -->
    </test> <!-- Surefire test -->
  </suite> <!-- Surefire suite -->
</testng-results>
