<?xml version="1.0" encoding="UTF-8"?>
<testng-results ignored="0" total="1" passed="1" failed="0" skipped="0">
  <reporter-output>
  </reporter-output>
  <suite started-at="2025-05-19T14:40:03 IST" name="Surefire suite" finished-at="2025-05-19T14:40:04 IST" duration-ms="149">
    <groups>
    </groups>
    <test started-at="2025-05-19T14:40:03 IST" name="Surefire test" finished-at="2025-05-19T14:40:04 IST" duration-ms="149">
      <class name="Testjava">
        <test-method signature="getJsonData()[pri:0, instance:Testjava@78b1cc93]" started-at="2025-05-19T14:40:03 IST" name="getJsonData" finished-at="2025-05-19T14:40:04 IST" duration-ms="126" status="PASS">
          <reporter-output>
          </reporter-output>
        </test-method> <!-- getJsonData -->
      </class> <!-- Testjava -->
    </test> <!-- Surefire test -->
  </suite> <!-- Surefire suite -->
</testng-results>
